app/build/intermediates/manifest_merge_blame_file/debug/processDebugMainManifest/manifest-merger-blame-debug-report.txt
1<?xml version="1.0" encoding="utf-8"?>
2<manifest xmlns:android="http://schemas.android.com/apk/res/android"
3    package="com.example.geofencealertapp"
4    android:versionCode="1"
5    android:versionName="1.0" >
6
7    <uses-sdk
8        android:minSdkVersion="28"
9        android:targetSdkVersion="34" />
10
11    <!-- Always Required for Location -->
12    <uses-permission android:name="android.permission.ACCESS_FINE_LOCATION" />
12-->src\main\AndroidManifest.xml:7:5-79
12-->src\main\AndroidManifest.xml:7:22-76
13    <uses-permission android:name="android.permission.ACCESS_COARSE_LOCATION" />
13-->src\main\AndroidManifest.xml:8:5-81
13-->src\main\AndroidManifest.xml:8:22-78
14
15    <!-- Required for Geofencing Background Triggering (Android 10 - API 29+) -->
16    <uses-permission android:name="android.permission.ACCESS_BACKGROUND_LOCATION" />
16-->src\main\AndroidManifest.xml:11:5-85
16-->src\main\AndroidManifest.xml:11:22-82
17
18    <!-- Optional: Needed if you target Android 12+ and use foreground services for location -->
19    <uses-permission android:name="android.permission.FOREGROUND_SERVICE" />
19-->src\main\AndroidManifest.xml:14:5-77
19-->src\main\AndroidManifest.xml:14:22-74
20    <uses-permission android:name="android.permission.POST_NOTIFICATIONS" />
20-->src\main\AndroidManifest.xml:17:5-77
20-->src\main\AndroidManifest.xml:17:22-74
21    <uses-permission android:name="android.permission.INTERNET" />
21-->src\main\AndroidManifest.xml:18:5-67
21-->src\main\AndroidManifest.xml:18:22-64
22    <uses-permission android:name="android.permission.ACCESS_NETWORK_STATE" />
22-->src\main\AndroidManifest.xml:19:5-79
22-->src\main\AndroidManifest.xml:19:22-76
23
24    <uses-feature
24-->[com.google.android.gms:play-services-maps:19.1.0] AndroidManifest.xml:22:5-24:33
25        android:glEsVersion="0x00020000"
25-->[com.google.android.gms:play-services-maps:19.1.0] AndroidManifest.xml:23:8-40
26        android:required="true" />
26-->[com.google.android.gms:play-services-maps:19.1.0] AndroidManifest.xml:24:8-31
27
28    <queries>
28-->[com.google.android.gms:play-services-maps:19.1.0] AndroidManifest.xml:27:5-30:15
29
30        <!-- Needs to be explicitly declared on Android R+ -->
31        <package android:name="com.google.android.apps.maps" />
31-->[com.google.android.gms:play-services-maps:19.1.0] AndroidManifest.xml:29:7-61
31-->[com.google.android.gms:play-services-maps:19.1.0] AndroidManifest.xml:29:16-59
32    </queries>
33
34    <permission
34-->[androidx.core:core:1.13.0] AndroidManifest.xml:22:5-24:47
35        android:name="com.example.geofencealertapp.DYNAMIC_RECEIVER_NOT_EXPORTED_PERMISSION"
35-->[androidx.core:core:1.13.0] AndroidManifest.xml:23:9-81
36        android:protectionLevel="signature" />
36-->[androidx.core:core:1.13.0] AndroidManifest.xml:24:9-44
37
38    <uses-permission android:name="com.example.geofencealertapp.DYNAMIC_RECEIVER_NOT_EXPORTED_PERMISSION" />
38-->[androidx.core:core:1.13.0] AndroidManifest.xml:26:5-97
38-->[androidx.core:core:1.13.0] AndroidManifest.xml:26:22-94
39
40    <application
40-->src\main\AndroidManifest.xml:21:5-52:19
41        android:allowBackup="true"
41-->src\main\AndroidManifest.xml:22:9-35
42        android:appComponentFactory="androidx.core.app.CoreComponentFactory"
42-->[androidx.core:core:1.13.0] AndroidManifest.xml:28:18-86
43        android:dataExtractionRules="@xml/data_extraction_rules"
43-->src\main\AndroidManifest.xml:23:9-65
44        android:debuggable="true"
45        android:extractNativeLibs="false"
46        android:fullBackupContent="@xml/backup_rules"
46-->src\main\AndroidManifest.xml:24:9-54
47        android:icon="@mipmap/ic_launcher"
47-->src\main\AndroidManifest.xml:25:9-43
48        android:label="@string/app_name"
48-->src\main\AndroidManifest.xml:26:9-41
49        android:roundIcon="@mipmap/ic_launcher_round"
49-->src\main\AndroidManifest.xml:27:9-54
50        android:supportsRtl="true"
50-->src\main\AndroidManifest.xml:28:9-35
51        android:testOnly="true"
52        android:theme="@style/Theme.GeofenceAlertApp" >
52-->src\main\AndroidManifest.xml:29:9-54
53        <activity
53-->src\main\AndroidManifest.xml:32:9-39:20
54            android:name="com.example.geofencealertapp.MainActivity"
54-->src\main\AndroidManifest.xml:33:13-41
55            android:exported="true" >
55-->src\main\AndroidManifest.xml:34:13-36
56            <intent-filter>
56-->src\main\AndroidManifest.xml:35:13-38:29
57                <action android:name="android.intent.action.MAIN" />
57-->src\main\AndroidManifest.xml:36:17-69
57-->src\main\AndroidManifest.xml:36:25-66
58
59                <category android:name="android.intent.category.LAUNCHER" />
59-->src\main\AndroidManifest.xml:37:17-77
59-->src\main\AndroidManifest.xml:37:27-74
60            </intent-filter>
61        </activity>
62
63        <!-- Declare the BroadcastReceiver for Geofence Events -->
64        <receiver
64-->src\main\AndroidManifest.xml:42:9-46:20
65            android:name="com.example.geofencealertapp.GeofenceBroadcastReceiver"
65-->src\main\AndroidManifest.xml:43:13-54
66            android:enabled="true"
66-->src\main\AndroidManifest.xml:44:13-35
67            android:exported="false" >
67-->src\main\AndroidManifest.xml:45:13-37
68        </receiver>
69
70        <meta-data
70-->src\main\AndroidManifest.xml:48:9-50:71
71            android:name="com.google.android.geo.API_KEY"
71-->src\main\AndroidManifest.xml:49:13-58
72            android:value="AIzaSyA5EcCU4h105e6FKNa0tsKVs1khRQvfrXs" />
72-->src\main\AndroidManifest.xml:50:13-68
73
74        <!-- Needs to be explicitly declared on P+ -->
75        <uses-library
75-->[com.google.android.gms:play-services-maps:19.1.0] AndroidManifest.xml:33:7-86
76            android:name="org.apache.http.legacy"
76-->[com.google.android.gms:play-services-maps:19.1.0] AndroidManifest.xml:33:21-58
77            android:required="false" />
77-->[com.google.android.gms:play-services-maps:19.1.0] AndroidManifest.xml:33:59-83
78
79        <activity
79-->[com.google.android.gms:play-services-base:18.5.0] AndroidManifest.xml:5:9-173
80            android:name="com.google.android.gms.common.api.GoogleApiActivity"
80-->[com.google.android.gms:play-services-base:18.5.0] AndroidManifest.xml:5:19-85
81            android:exported="false"
81-->[com.google.android.gms:play-services-base:18.5.0] AndroidManifest.xml:5:146-170
82            android:theme="@android:style/Theme.Translucent.NoTitleBar" />
82-->[com.google.android.gms:play-services-base:18.5.0] AndroidManifest.xml:5:86-145
83
84        <meta-data
84-->[com.google.android.gms:play-services-basement:18.4.0] AndroidManifest.xml:6:9-122
85            android:name="com.google.android.gms.version"
85-->[com.google.android.gms:play-services-basement:18.4.0] AndroidManifest.xml:6:20-65
86            android:value="@integer/google_play_services_version" />
86-->[com.google.android.gms:play-services-basement:18.4.0] AndroidManifest.xml:6:66-119
87
88        <provider
88-->[androidx.emoji2:emoji2:1.3.0] AndroidManifest.xml:24:9-32:20
89            android:name="androidx.startup.InitializationProvider"
89-->[androidx.emoji2:emoji2:1.3.0] AndroidManifest.xml:25:13-67
90            android:authorities="com.example.geofencealertapp.androidx-startup"
90-->[androidx.emoji2:emoji2:1.3.0] AndroidManifest.xml:26:13-68
91            android:exported="false" >
91-->[androidx.emoji2:emoji2:1.3.0] AndroidManifest.xml:27:13-37
92            <meta-data
92-->[androidx.emoji2:emoji2:1.3.0] AndroidManifest.xml:29:13-31:52
93                android:name="androidx.emoji2.text.EmojiCompatInitializer"
93-->[androidx.emoji2:emoji2:1.3.0] AndroidManifest.xml:30:17-75
94                android:value="androidx.startup" />
94-->[androidx.emoji2:emoji2:1.3.0] AndroidManifest.xml:31:17-49
95            <meta-data
95-->[androidx.lifecycle:lifecycle-process:2.6.2] AndroidManifest.xml:29:13-31:52
96                android:name="androidx.lifecycle.ProcessLifecycleInitializer"
96-->[androidx.lifecycle:lifecycle-process:2.6.2] AndroidManifest.xml:30:17-78
97                android:value="androidx.startup" />
97-->[androidx.lifecycle:lifecycle-process:2.6.2] AndroidManifest.xml:31:17-49
98            <meta-data
98-->[androidx.profileinstaller:profileinstaller:1.4.0] AndroidManifest.xml:29:13-31:52
99                android:name="androidx.profileinstaller.ProfileInstallerInitializer"
99-->[androidx.profileinstaller:profileinstaller:1.4.0] AndroidManifest.xml:30:17-85
100                android:value="androidx.startup" />
100-->[androidx.profileinstaller:profileinstaller:1.4.0] AndroidManifest.xml:31:17-49
101        </provider>
102
103        <receiver
103-->[androidx.profileinstaller:profileinstaller:1.4.0] AndroidManifest.xml:34:9-52:20
104            android:name="androidx.profileinstaller.ProfileInstallReceiver"
104-->[androidx.profileinstaller:profileinstaller:1.4.0] AndroidManifest.xml:35:13-76
105            android:directBootAware="false"
105-->[androidx.profileinstaller:profileinstaller:1.4.0] AndroidManifest.xml:36:13-44
106            android:enabled="true"
106-->[androidx.profileinstaller:profileinstaller:1.4.0] AndroidManifest.xml:37:13-35
107            android:exported="true"
107-->[androidx.profileinstaller:profileinstaller:1.4.0] AndroidManifest.xml:38:13-36
108            android:permission="android.permission.DUMP" >
108-->[androidx.profileinstaller:profileinstaller:1.4.0] AndroidManifest.xml:39:13-57
109            <intent-filter>
109-->[androidx.profileinstaller:profileinstaller:1.4.0] AndroidManifest.xml:40:13-42:29
110                <action android:name="androidx.profileinstaller.action.INSTALL_PROFILE" />
110-->[androidx.profileinstaller:profileinstaller:1.4.0] AndroidManifest.xml:41:17-91
110-->[androidx.profileinstaller:profileinstaller:1.4.0] AndroidManifest.xml:41:25-88
111            </intent-filter>
112            <intent-filter>
112-->[androidx.profileinstaller:profileinstaller:1.4.0] AndroidManifest.xml:43:13-45:29
113                <action android:name="androidx.profileinstaller.action.SKIP_FILE" />
113-->[androidx.profileinstaller:profileinstaller:1.4.0] AndroidManifest.xml:44:17-85
113-->[androidx.profileinstaller:profileinstaller:1.4.0] AndroidManifest.xml:44:25-82
114            </intent-filter>
115            <intent-filter>
115-->[androidx.profileinstaller:profileinstaller:1.4.0] AndroidManifest.xml:46:13-48:29
116                <action android:name="androidx.profileinstaller.action.SAVE_PROFILE" />
116-->[androidx.profileinstaller:profileinstaller:1.4.0] AndroidManifest.xml:47:17-88
116-->[androidx.profileinstaller:profileinstaller:1.4.0] AndroidManifest.xml:47:25-85
117            </intent-filter>
118            <intent-filter>
118-->[androidx.profileinstaller:profileinstaller:1.4.0] AndroidManifest.xml:49:13-51:29
119                <action android:name="androidx.profileinstaller.action.BENCHMARK_OPERATION" />
119-->[androidx.profileinstaller:profileinstaller:1.4.0] AndroidManifest.xml:50:17-95
119-->[androidx.profileinstaller:profileinstaller:1.4.0] AndroidManifest.xml:50:25-92
120            </intent-filter>
121        </receiver>
122    </application>
123
124</manifest>